2022-09-22 20:48:24 INFO  Log:11 - =====================================loginTest TEST START=========================================
2022-09-22 20:48:24 INFO  Log:22 - user is going to click on SignIn
2022-09-22 20:49:15 INFO  Log:11 - =====================================loginTest TEST START=========================================
2022-09-22 20:49:15 INFO  Log:22 - user is going to click on SignIn
2022-09-22 20:49:46 INFO  Log:22 - Enter Username and Password
2022-09-22 20:50:03 INFO  Log:22 - Verifying if user is able to login
2022-09-22 20:51:51 INFO  Log:11 - =====================================loginTest TEST START=========================================
2022-09-22 20:51:51 INFO  Log:22 - user is going to click on SignIn
2022-09-22 20:52:07 INFO  Log:22 - Enter Username and Password
2022-09-22 20:52:22 INFO  Log:22 - Verifying if user is able to login
2022-09-22 20:52:22 INFO  Log:22 - Login is Sucess
2022-09-22 20:52:22 INFO  Log:15 - =====================================loginTest TEST END=========================================
2022-09-22 20:53:41 INFO  Log:11 - =====================================verifyLogo TEST START=========================================
2022-09-22 20:53:41 INFO  Log:15 - =====================================verifyLogo TEST END=========================================
2022-09-22 20:54:03 INFO  Log:11 - =====================================verifyTitle TEST START=========================================
2022-09-22 20:54:03 INFO  Log:15 - =====================================verifyTitle TEST END=========================================
2022-09-22 20:55:36 INFO  Log:11 - =====================================orderHistoryandDetailsTest TEST START=========================================
2022-09-22 20:56:03 INFO  Log:15 - =====================================orderHistoryandDetailsTest TEST END=========================================
2022-09-22 20:56:25 INFO  Log:11 - =====================================wishListTest TEST START=========================================
2022-09-22 20:56:46 INFO  Log:15 - =====================================wishListTest TEST END=========================================
2022-09-22 20:58:44 INFO  Log:11 - =====================================verifyTotalPrice TEST START=========================================
2022-09-22 20:59:19 INFO  Log:15 - =====================================verifyTotalPrice TEST END=========================================
2022-09-22 21:01:12 INFO  Log:11 - =====================================addToCartTest TEST START=========================================
2022-09-22 21:02:18 INFO  Log:15 - =====================================addToCartTest TEST END=========================================
2022-09-22 21:03:44 INFO  Log:11 - =====================================verifyCreateAccountPageTest TEST START=========================================
2022-09-22 21:14:49 INFO  Log:11 - =====================================verifyCreateAccountPageTest TEST START=========================================
2022-09-22 21:15:38 INFO  Log:11 - =====================================verifyCreateAccountPageTest TEST START=========================================
2022-09-22 21:25:13 INFO  Log:11 - =====================================verifyCreateAccountPageTest TEST START=========================================
2022-09-22 21:28:24 INFO  Log:11 - =====================================verifyCreateAccountPageTest TEST START=========================================
2022-09-22 21:33:43 INFO  Log:11 - =====================================verifyCreateAccountPageTest TEST START=========================================
2022-09-22 21:38:14 INFO  Log:11 - =====================================verifyCreateAccountPageTest TEST START=========================================
2022-09-22 21:38:30 INFO  Log:15 - =====================================verifyCreateAccountPageTest TEST END=========================================
2022-09-22 21:39:31 INFO  Log:11 - =====================================verifyCreateAccountPageTest TEST START=========================================
2022-09-22 21:39:51 INFO  Log:15 - =====================================verifyCreateAccountPageTest TEST END=========================================
2022-09-22 21:42:33 INFO  Log:11 - =====================================verifyTotalPrice TEST START=========================================
2022-09-22 21:43:09 INFO  Log:15 - =====================================verifyTotalPrice TEST END=========================================
2022-09-22 21:44:23 INFO  Log:11 - =====================================productAvailabilityTest TEST START=========================================
2022-09-22 21:44:29 INFO  Log:15 - =====================================productAvailabilityTest TEST END=========================================
2022-09-22 22:13:46 INFO  Log:11 - =====================================loginTest TEST START=========================================
2022-09-22 22:13:46 INFO  Log:22 - user is going to click on SignIn
2022-09-22 22:13:58 INFO  Log:22 - Enter Username and Password
2022-09-22 22:14:17 INFO  Log:22 - Verifying if user is able to login
2022-09-22 22:14:17 INFO  Log:22 - Login is Sucess
2022-09-22 22:14:17 INFO  Log:15 - =====================================loginTest TEST END=========================================
2022-09-22 22:22:09 INFO  Log:11 - =====================================verifyCreateAccountPageTest TEST START=========================================
2022-09-22 22:31:05 INFO  Log:11 - =====================================verifyCreateAccountPageTest TEST START=========================================
2022-09-22 22:34:09 INFO  Log:11 - =====================================verifyCreateAccountPageTest TEST START=========================================
2022-09-22 22:36:51 INFO  Log:11 - =====================================verifyCreateAccountPageTest TEST START=========================================
2022-09-22 22:41:01 INFO  Log:11 - =====================================verifyCreateAccountPageTest TEST START=========================================
2022-09-22 22:41:47 INFO  Log:11 - =====================================verifyCreateAccountPageTest TEST START=========================================
2022-09-22 22:46:11 INFO  Log:11 - =====================================orderHistoryandDetailsTest TEST START=========================================
2022-09-22 22:46:32 INFO  Log:15 - =====================================orderHistoryandDetailsTest TEST END=========================================
2022-09-22 22:47:06 INFO  Log:11 - =====================================wishListTest TEST START=========================================
2022-09-22 22:47:51 INFO  Log:15 - =====================================wishListTest TEST END=========================================
2022-09-22 22:56:53 INFO  Log:11 - =====================================addToCartTest TEST START=========================================
2022-09-22 22:57:15 INFO  Log:15 - =====================================addToCartTest TEST END=========================================
2022-09-22 23:05:59 INFO  Log:11 - =====================================productAvailabilityTest TEST START=========================================
2022-09-22 23:06:24 INFO  Log:15 - =====================================productAvailabilityTest TEST END=========================================
2022-09-22 23:08:32 INFO  Log:11 - =====================================verifyCreateAccountPageTest TEST START=========================================
2022-09-22 23:09:23 INFO  Log:15 - =====================================verifyCreateAccountPageTest TEST END=========================================
2022-09-22 23:13:37 INFO  Log:11 - =====================================productAvailabilityTest TEST START=========================================
2022-09-22 23:13:42 INFO  Log:15 - =====================================productAvailabilityTest TEST END=========================================
2022-09-22 23:13:58 INFO  Log:11 - =====================================verifyLogo TEST START=========================================
2022-09-22 23:13:58 INFO  Log:15 - =====================================verifyLogo TEST END=========================================
2022-09-22 23:14:14 INFO  Log:11 - =====================================verifyTitle TEST START=========================================
2022-09-22 23:14:14 INFO  Log:15 - =====================================verifyTitle TEST END=========================================
2022-09-22 23:17:17 INFO  Log:11 - =====================================addToCartTest TEST START=========================================
2022-09-22 23:18:11 INFO  Log:15 - =====================================addToCartTest TEST END=========================================
2022-09-22 23:18:57 INFO  Log:11 - =====================================loginTest TEST START=========================================
2022-09-22 23:18:57 INFO  Log:22 - user is going to click on SignIn
2022-09-22 23:20:16 INFO  Log:22 - Enter Username and Password
2022-09-22 23:20:17 INFO  Log:22 - Verifying if user is able to login
2022-09-22 23:20:32 INFO  Log:11 - =====================================verifyCreateAccountPageTest TEST START=========================================
2022-09-22 23:21:47 INFO  Log:11 - =====================================orderHistoryandDetailsTest TEST START=========================================
2022-09-22 23:23:36 INFO  Log:11 - =====================================wishListTest TEST START=========================================
2022-09-22 23:24:40 INFO  Log:15 - =====================================wishListTest TEST END=========================================
2022-09-22 23:25:05 INFO  Log:11 - =====================================verifyTotalPrice TEST START=========================================
2022-09-22 23:54:08 INFO  Log:11 - =====================================productAvailabilityTest TEST START=========================================
2022-09-22 23:54:18 INFO  Log:15 - =====================================productAvailabilityTest TEST END=========================================
2022-09-22 23:54:39 INFO  Log:11 - =====================================verifyLogo TEST START=========================================
2022-09-22 23:54:39 INFO  Log:15 - =====================================verifyLogo TEST END=========================================
2022-09-22 23:55:14 INFO  Log:11 - =====================================verifyTitle TEST START=========================================
2022-09-22 23:55:14 INFO  Log:15 - =====================================verifyTitle TEST END=========================================
2022-09-22 23:55:58 INFO  Log:11 - =====================================loginTest TEST START=========================================
2022-09-22 23:55:58 INFO  Log:22 - user is going to click on SignIn
2022-09-22 23:57:03 INFO  Log:22 - Enter Username and Password
2022-09-22 23:57:04 INFO  Log:22 - Verifying if user is able to login
2022-09-22 23:57:49 INFO  Log:11 - =====================================orderHistoryandDetailsTest TEST START=========================================
2022-09-22 23:59:09 INFO  Log:15 - =====================================orderHistoryandDetailsTest TEST END=========================================
2022-09-22 23:59:45 INFO  Log:11 - =====================================wishListTest TEST START=========================================
2022-09-23 00:01:09 INFO  Log:15 - =====================================wishListTest TEST END=========================================
2022-09-23 00:07:02 INFO  Log:11 - =====================================verifyLogo TEST START=========================================
2022-09-23 00:07:02 INFO  Log:15 - =====================================verifyLogo TEST END=========================================
2022-09-23 00:07:19 INFO  Log:11 - =====================================verifyTitle TEST START=========================================
2022-09-23 00:07:19 INFO  Log:15 - =====================================verifyTitle TEST END=========================================
2022-09-23 00:07:57 INFO  Log:11 - =====================================verifyLogo TEST START=========================================
2022-09-23 00:07:57 INFO  Log:15 - =====================================verifyLogo TEST END=========================================
2022-09-23 00:08:21 INFO  Log:11 - =====================================verifyTitle TEST START=========================================
2022-09-23 00:08:21 INFO  Log:15 - =====================================verifyTitle TEST END=========================================
2022-09-23 00:13:54 INFO  Log:11 - =====================================verifyLogo TEST START=========================================
2022-09-23 00:13:54 INFO  Log:15 - =====================================verifyLogo TEST END=========================================
2022-09-23 00:14:39 INFO  Log:11 - =====================================verifyTitle TEST START=========================================
2022-09-23 00:14:39 INFO  Log:15 - =====================================verifyTitle TEST END=========================================
2022-09-23 00:15:23 INFO  Log:11 - =====================================verifyLogo TEST START=========================================
2022-09-23 00:15:23 INFO  Log:15 - =====================================verifyLogo TEST END=========================================
2022-09-23 00:15:47 INFO  Log:11 - =====================================verifyTitle TEST START=========================================
2022-09-23 00:15:47 INFO  Log:15 - =====================================verifyTitle TEST END=========================================
2022-09-23 08:51:24 INFO  Log:11 - =====================================productAvailabilityTest TEST START=========================================
2022-09-23 08:51:32 INFO  Log:15 - =====================================productAvailabilityTest TEST END=========================================
2022-09-23 08:51:53 INFO  Log:11 - =====================================verifyLogo TEST START=========================================
2022-09-23 08:51:53 INFO  Log:15 - =====================================verifyLogo TEST END=========================================
2022-09-23 08:52:38 INFO  Log:11 - =====================================verifyTitle TEST START=========================================
2022-09-23 08:52:38 INFO  Log:15 - =====================================verifyTitle TEST END=========================================
2022-09-23 08:54:25 INFO  Log:11 - =====================================addToCartTest TEST START=========================================
2022-09-23 08:54:38 INFO  Log:15 - =====================================addToCartTest TEST END=========================================
2022-09-23 08:54:56 INFO  Log:11 - =====================================loginTest TEST START=========================================
2022-09-23 08:54:56 INFO  Log:22 - user is going to click on SignIn
2022-09-23 08:55:06 INFO  Log:22 - Enter Username and Password
2022-09-23 08:55:11 INFO  Log:22 - Verifying if user is able to login
2022-09-23 08:55:11 INFO  Log:22 - Login is Sucess
2022-09-23 08:55:11 INFO  Log:15 - =====================================loginTest TEST END=========================================
2022-09-23 08:55:30 INFO  Log:11 - =====================================verifyCreateAccountPageTest TEST START=========================================
2022-09-23 08:55:39 INFO  Log:15 - =====================================verifyCreateAccountPageTest TEST END=========================================
2022-09-23 08:55:54 INFO  Log:11 - =====================================orderHistoryandDetailsTest TEST START=========================================
2022-09-23 08:56:35 INFO  Log:11 - =====================================wishListTest TEST START=========================================
2022-09-23 08:56:48 INFO  Log:15 - =====================================wishListTest TEST END=========================================
2022-09-23 08:57:07 INFO  Log:11 - =====================================verifyTotalPrice TEST START=========================================
2022-09-23 08:57:37 INFO  Log:15 - =====================================verifyTotalPrice TEST END=========================================
2022-09-23 08:57:38 DEBUG cache:45 - Couldn't find template in cache for "v3html/v3-html-index.ftl"("en", UTF-8, parsed); will try to load it.
2022-09-23 08:57:38 DEBUG cache:45 - TemplateLoader.findTemplateSource("v3html/v3-html-index_en.ftl"): Not found
2022-09-23 08:57:38 DEBUG cache:45 - TemplateLoader.findTemplateSource("v3html/v3-html-index.ftl"): Found
2022-09-23 08:57:38 DEBUG cache:45 - Loading template for "v3html/v3-html-index.ftl"("en", UTF-8, parsed) from "jar:file:/C:/Users/vikram/.m2/repository/com/aventstack/extentreports/4.0.9/extentreports-4.0.9.jar!/com/aventstack/extentreports/view/v3html/v3-html-index.ftl"
2022-09-23 08:57:38 DEBUG cache:45 - Couldn't find template in cache for "v3html/v3-html-head.ftl"("en", UTF-8, parsed); will try to load it.
2022-09-23 08:57:38 DEBUG cache:45 - TemplateLoader.findTemplateSource("v3html/v3-html-head_en.ftl"): Not found
2022-09-23 08:57:38 DEBUG cache:45 - TemplateLoader.findTemplateSource("v3html/v3-html-head.ftl"): Found
2022-09-23 08:57:38 DEBUG cache:45 - Loading template for "v3html/v3-html-head.ftl"("en", UTF-8, parsed) from "jar:file:/C:/Users/vikram/.m2/repository/com/aventstack/extentreports/4.0.9/extentreports-4.0.9.jar!/com/aventstack/extentreports/view/v3html/v3-html-head.ftl"
2022-09-23 08:57:38 DEBUG cache:45 - Couldn't find template in cache for "v3html/v3-html-nav.ftl"("en", UTF-8, parsed); will try to load it.
2022-09-23 08:57:38 DEBUG cache:45 - TemplateLoader.findTemplateSource("v3html/v3-html-nav_en.ftl"): Not found
2022-09-23 08:57:38 DEBUG cache:45 - TemplateLoader.findTemplateSource("v3html/v3-html-nav.ftl"): Found
2022-09-23 08:57:38 DEBUG cache:45 - Loading template for "v3html/v3-html-nav.ftl"("en", UTF-8, parsed) from "jar:file:/C:/Users/vikram/.m2/repository/com/aventstack/extentreports/4.0.9/extentreports-4.0.9.jar!/com/aventstack/extentreports/view/v3html/v3-html-nav.ftl"
2022-09-23 08:57:38 DEBUG cache:45 - Couldn't find template in cache for "v3html/test-view/v3-html-test-view.ftl"("en", UTF-8, parsed); will try to load it.
2022-09-23 08:57:38 DEBUG cache:45 - TemplateLoader.findTemplateSource("v3html/test-view/v3-html-test-view_en.ftl"): Not found
2022-09-23 08:57:38 DEBUG cache:45 - TemplateLoader.findTemplateSource("v3html/test-view/v3-html-test-view.ftl"): Found
2022-09-23 08:57:38 DEBUG cache:45 - Loading template for "v3html/test-view/v3-html-test-view.ftl"("en", UTF-8, parsed) from "jar:file:/C:/Users/vikram/.m2/repository/com/aventstack/extentreports/4.0.9/extentreports-4.0.9.jar!/com/aventstack/extentreports/view/v3html/test-view/v3-html-test-view.ftl"
2022-09-23 08:57:39 DEBUG cache:45 - Couldn't find template in cache for "v3html/test-view/v3-html-test-view-charts.ftl"("en", UTF-8, parsed); will try to load it.
2022-09-23 08:57:39 DEBUG cache:45 - TemplateLoader.findTemplateSource("v3html/test-view/v3-html-test-view-charts_en.ftl"): Not found
2022-09-23 08:57:39 DEBUG cache:45 - TemplateLoader.findTemplateSource("v3html/test-view/v3-html-test-view-charts.ftl"): Found
2022-09-23 08:57:39 DEBUG cache:45 - Loading template for "v3html/test-view/v3-html-test-view-charts.ftl"("en", UTF-8, parsed) from "jar:file:/C:/Users/vikram/.m2/repository/com/aventstack/extentreports/4.0.9/extentreports-4.0.9.jar!/com/aventstack/extentreports/view/v3html/test-view/v3-html-test-view-charts.ftl"
2022-09-23 08:57:39 DEBUG cache:45 - Couldn't find template in cache for "v3html/test-view/v3-html-standard.ftl"("en", UTF-8, parsed); will try to load it.
2022-09-23 08:57:39 DEBUG cache:45 - TemplateLoader.findTemplateSource("v3html/test-view/v3-html-standard_en.ftl"): Not found
2022-09-23 08:57:39 DEBUG cache:45 - TemplateLoader.findTemplateSource("v3html/test-view/v3-html-standard.ftl"): Found
2022-09-23 08:57:39 DEBUG cache:45 - Loading template for "v3html/test-view/v3-html-standard.ftl"("en", UTF-8, parsed) from "jar:file:/C:/Users/vikram/.m2/repository/com/aventstack/extentreports/4.0.9/extentreports-4.0.9.jar!/com/aventstack/extentreports/view/v3html/test-view/v3-html-standard.ftl"
2022-09-23 08:57:39 DEBUG cache:45 - "v3html/test-view/v3-html-standard.ftl"("en", UTF-8, parsed) cached copy not yet stale; using cached.
2022-09-23 08:57:39 DEBUG cache:45 - "v3html/test-view/v3-html-standard.ftl"("en", UTF-8, parsed) cached copy not yet stale; using cached.
2022-09-23 08:57:39 DEBUG cache:45 - "v3html/test-view/v3-html-standard.ftl"("en", UTF-8, parsed) cached copy not yet stale; using cached.
2022-09-23 08:57:39 DEBUG cache:45 - "v3html/test-view/v3-html-standard.ftl"("en", UTF-8, parsed) cached copy not yet stale; using cached.
2022-09-23 08:57:39 DEBUG cache:45 - "v3html/test-view/v3-html-standard.ftl"("en", UTF-8, parsed) cached copy not yet stale; using cached.
2022-09-23 08:57:39 DEBUG cache:45 - "v3html/test-view/v3-html-standard.ftl"("en", UTF-8, parsed) cached copy not yet stale; using cached.
2022-09-23 08:57:39 DEBUG cache:45 - "v3html/test-view/v3-html-standard.ftl"("en", UTF-8, parsed) cached copy not yet stale; using cached.
2022-09-23 08:57:39 DEBUG cache:45 - "v3html/test-view/v3-html-standard.ftl"("en", UTF-8, parsed) cached copy not yet stale; using cached.
2022-09-23 08:57:39 DEBUG cache:45 - "v3html/test-view/v3-html-standard.ftl"("en", UTF-8, parsed) cached copy not yet stale; using cached.
2022-09-23 08:57:39 DEBUG cache:45 - Couldn't find template in cache for "v3html/category-view/v3-html-category-view.ftl"("en", UTF-8, parsed); will try to load it.
2022-09-23 08:57:39 DEBUG cache:45 - TemplateLoader.findTemplateSource("v3html/category-view/v3-html-category-view_en.ftl"): Not found
2022-09-23 08:57:39 DEBUG cache:45 - TemplateLoader.findTemplateSource("v3html/category-view/v3-html-category-view.ftl"): Found
2022-09-23 08:57:39 DEBUG cache:45 - Loading template for "v3html/category-view/v3-html-category-view.ftl"("en", UTF-8, parsed) from "jar:file:/C:/Users/vikram/.m2/repository/com/aventstack/extentreports/4.0.9/extentreports-4.0.9.jar!/com/aventstack/extentreports/view/v3html/category-view/v3-html-category-view.ftl"
2022-09-23 08:57:39 DEBUG cache:45 - Couldn't find template in cache for "v3html/exception-view/v3-html-exception-view.ftl"("en", UTF-8, parsed); will try to load it.
2022-09-23 08:57:39 DEBUG cache:45 - TemplateLoader.findTemplateSource("v3html/exception-view/v3-html-exception-view_en.ftl"): Not found
2022-09-23 08:57:39 DEBUG cache:45 - TemplateLoader.findTemplateSource("v3html/exception-view/v3-html-exception-view.ftl"): Found
2022-09-23 08:57:39 DEBUG cache:45 - Loading template for "v3html/exception-view/v3-html-exception-view.ftl"("en", UTF-8, parsed) from "jar:file:/C:/Users/vikram/.m2/repository/com/aventstack/extentreports/4.0.9/extentreports-4.0.9.jar!/com/aventstack/extentreports/view/v3html/exception-view/v3-html-exception-view.ftl"
2022-09-23 08:57:39 DEBUG cache:45 - Couldn't find template in cache for "v3html/author-view/v3-html-author-view.ftl"("en", UTF-8, parsed); will try to load it.
2022-09-23 08:57:39 DEBUG cache:45 - TemplateLoader.findTemplateSource("v3html/author-view/v3-html-author-view_en.ftl"): Not found
2022-09-23 08:57:39 DEBUG cache:45 - TemplateLoader.findTemplateSource("v3html/author-view/v3-html-author-view.ftl"): Found
2022-09-23 08:57:39 DEBUG cache:45 - Loading template for "v3html/author-view/v3-html-author-view.ftl"("en", UTF-8, parsed) from "jar:file:/C:/Users/vikram/.m2/repository/com/aventstack/extentreports/4.0.9/extentreports-4.0.9.jar!/com/aventstack/extentreports/view/v3html/author-view/v3-html-author-view.ftl"
2022-09-23 08:57:39 DEBUG cache:45 - Couldn't find template in cache for "v3html/dashboard-view/v3-html-dashboard-view.ftl"("en", UTF-8, parsed); will try to load it.
2022-09-23 08:57:39 DEBUG cache:45 - TemplateLoader.findTemplateSource("v3html/dashboard-view/v3-html-dashboard-view_en.ftl"): Not found
2022-09-23 08:57:39 DEBUG cache:45 - TemplateLoader.findTemplateSource("v3html/dashboard-view/v3-html-dashboard-view.ftl"): Found
2022-09-23 08:57:39 DEBUG cache:45 - Loading template for "v3html/dashboard-view/v3-html-dashboard-view.ftl"("en", UTF-8, parsed) from "jar:file:/C:/Users/vikram/.m2/repository/com/aventstack/extentreports/4.0.9/extentreports-4.0.9.jar!/com/aventstack/extentreports/view/v3html/dashboard-view/v3-html-dashboard-view.ftl"
2022-09-23 08:57:39 DEBUG cache:45 - Couldn't find template in cache for "v3html/logs-view/v3-html-testrunner-logs-view.ftl"("en", UTF-8, parsed); will try to load it.
2022-09-23 08:57:39 DEBUG cache:45 - TemplateLoader.findTemplateSource("v3html/logs-view/v3-html-testrunner-logs-view_en.ftl"): Not found
2022-09-23 08:57:39 DEBUG cache:45 - TemplateLoader.findTemplateSource("v3html/logs-view/v3-html-testrunner-logs-view.ftl"): Found
2022-09-23 08:57:39 DEBUG cache:45 - Loading template for "v3html/logs-view/v3-html-testrunner-logs-view.ftl"("en", UTF-8, parsed) from "jar:file:/C:/Users/vikram/.m2/repository/com/aventstack/extentreports/4.0.9/extentreports-4.0.9.jar!/com/aventstack/extentreports/view/v3html/logs-view/v3-html-testrunner-logs-view.ftl"
